<?xml version="1.0" encoding="UTF-8"?>
<!-- Generated by org.testng.reporters.JUnitReportReporter -->
<testsuite hostname="DESKTOP-PEI90PN" failures="0" tests="1" name="specs.AM_0005" time="82.620" errors="0" timestamp="2023-04-07T15:20:49 COT" skipped="0">
  <testcase classname="specs.AM_0005" name="am_0006" time="82.620"/>
  <system-out/>
</testsuite> <!-- specs.AM_0005 -->
