<?xml version="1.0" encoding="UTF-8"?>
<!-- Generated by org.testng.reporters.JUnitReportReporter -->
<testsuite hostname="DESKTOP-PEI90PN" failures="0" tests="1" name="specs.AM_0003" time="66.378" errors="0" timestamp="2023-04-08T23:04:44 COT" skipped="0">
  <testcase classname="specs.AM_0003" name="am_0004" time="66.378"/>
  <system-out/>
</testsuite> <!-- specs.AM_0003 -->
