<?xml version="1.0" encoding="UTF-8"?>
<!-- Generated by org.testng.reporters.JUnitReportReporter -->
<testsuite hostname="DESKTOP-PEI90PN" failures="0" tests="1" name="specs.AM_0001" time="27.028" errors="0" timestamp="2023-04-08T23:36:15 COT" skipped="0">
  <testcase classname="specs.AM_0001" name="am_0002" time="27.028"/>
  <system-out/>
</testsuite> <!-- specs.AM_0001 -->
